xq2022-08-24 09:51:09.098 [main] DEBUG de.msgdavid.CalculatorDemo - We've just greeted the user!
2022-08-24 09:51:09.100 [main] INFO  de.msgdavid.CalculatorDemo - We've just greeted the user!
2022-08-24 09:51:09.100 [main] WARN  de.msgdavid.CalculatorDemo - We've just greeted the user!
2022-08-24 09:51:09.100 [main] ERROR de.msgdavid.CalculatorDemo - We've just greeted the user!
2022-08-24 09:51:09.100 [main] FATAL de.msgdavid.CalculatorDemo - We've just greeted the user!
2022-08-24 10:25:50.334 [main] INFO  de.msgdavid.CalculatorDemo - 8.0
2022-08-24 10:41:19.905 [main] INFO  de.msgdavid.CalculatorDemo - 8.0
2022-08-24 10:41:37.446 [main] INFO  de.msgdavid.CalculatorDemo - 8.0
2022-08-24 11:05:39.955 [main] INFO  de.msgdavid.CalculatorDemo - 0.5
2022-08-24 11:06:50.580 [main] INFO  de.msgdavid.CalculatorDemo - 25.0
2022-08-24 11:09:56.716 [main] INFO  de.msgdavid.CalculatorDemo - 1.0
2022-08-24 11:10:19.260 [main] INFO  de.msgdavid.CalculatorDemo - 1.0
2022-08-24 11:10:35.180 [main] INFO  de.msgdavid.CalculatorDemo - 1.0
2022-08-24 11:11:03.566 [main] INFO  de.msgdavid.CalculatorDemo - 1.0
2022-08-24 11:11:36.075 [main] INFO  de.msgdavid.CalculatorDemo - 0.0
2022-08-24 11:11:46.869 [main] INFO  de.msgdavid.CalculatorDemo - 2.0
2022-08-24 11:34:03.021 [main] INFO  de.msgdavid.CalculatorDemo - 24.0
2022-08-24 12:56:56.496 [main] INFO  de.msgdavid.CalculatorDemo - Test 'Add' erfolgreich!
2022-08-24 12:56:56.511 [main] INFO  de.msgdavid.CalculatorDemo - Test 'Pow' erfolgreich!
2022-08-24 12:56:56.512 [main] INFO  de.msgdavid.CalculatorDemo - Test 'Multi' erfolgreich!
2022-08-24 12:56:56.512 [main] INFO  de.msgdavid.CalculatorDemo - Test 'Sqrt' erfolgreich!
2022-08-24 12:57:12.854 [main] INFO  de.msgdavid.CalculatorDemo - Test 'Add' erfolgreich!
2022-08-24 12:57:12.862 [main] INFO  de.msgdavid.CalculatorDemo - Test 'Pow' erfolgreich!
2022-08-24 12:57:12.863 [main] INFO  de.msgdavid.CalculatorDemo - Test 'Multi' erfolgreich!
2022-08-24 12:57:12.863 [main] INFO  de.msgdavid.CalculatorDemo - Test 'Sqrt' erfolgreich!
2022-08-24 12:57:25.412 [main] INFO  de.msgdavid.CalculatorDemo - 4.0
2022-08-24 12:58:00.083 [main] INFO  de.msgdavid.CalculatorDemo - 2.0
2022-08-24 12:58:26.850 [main] INFO  de.msgdavid.CalculatorDemo - Test 'Add' erfolgreich!
2022-08-24 12:58:26.856 [main] INFO  de.msgdavid.CalculatorDemo - Test 'Mod' erfolgreich!
2022-08-24 12:58:26.857 [main] INFO  de.msgdavid.CalculatorDemo - Test 'Pow' erfolgreich!
2022-08-24 12:58:26.858 [main] INFO  de.msgdavid.CalculatorDemo - Test 'Multi' erfolgreich!
2022-08-24 12:58:26.859 [main] INFO  de.msgdavid.CalculatorDemo - Test 'Sqrt' erfolgreich!
2022-08-24 12:59:03.647 [main] INFO  de.msgdavid.CalculatorDemo - Test 'Add' erfolgreich!
2022-08-24 12:59:03.654 [main] INFO  de.msgdavid.CalculatorDemo - Test 'Mod' erfolgreich!
2022-08-24 12:59:03.655 [main] INFO  de.msgdavid.CalculatorDemo - Test 'Pow' erfolgreich!
2022-08-24 12:59:03.656 [main] INFO  de.msgdavid.CalculatorDemo - Test 'Multi' erfolgreich!
2022-08-24 12:59:03.656 [main] INFO  de.msgdavid.CalculatorDemo - Test 'Sqrt' erfolgreich!
2022-08-24 12:59:17.167 [main] INFO  de.msgdavid.CalculatorDemo - Test 'Add' erfolgreich!
2022-08-24 12:59:17.174 [main] INFO  de.msgdavid.CalculatorDemo - Test 'Mod' erfolgreich!
2022-08-24 12:59:17.175 [main] INFO  de.msgdavid.CalculatorDemo - Test 'Pow' erfolgreich!
2022-08-24 12:59:17.176 [main] INFO  de.msgdavid.CalculatorDemo - Test 'Multi' erfolgreich!
2022-08-24 12:59:17.176 [main] INFO  de.msgdavid.CalculatorDemo - Test 'Sqrt' erfolgreich!
2022-08-24 12:59:28.098 [main] INFO  de.msgdavid.CalculatorDemo - -2.0
2022-08-24 13:00:57.787 [main] INFO  de.msgdavid.CalculatorDemo - Test 'Add' erfolgreich!
2022-08-24 13:00:57.793 [main] INFO  de.msgdavid.CalculatorDemo - Test 'Mod' erfolgreich!
2022-08-24 13:00:57.794 [main] INFO  de.msgdavid.CalculatorDemo - Test 'Pow' erfolgreich!
2022-08-24 13:00:57.794 [main] INFO  de.msgdavid.CalculatorDemo - Test 'Sub' erfolgreich!
2022-08-24 13:00:57.794 [main] INFO  de.msgdavid.CalculatorDemo - Test 'Multi' erfolgreich!
2022-08-24 13:00:57.794 [main] INFO  de.msgdavid.CalculatorDemo - Test 'Sqrt' erfolgreich!
2022-08-24 13:02:15.603 [main] INFO  de.msgdavid.CalculatorDemo - Test 'Add' erfolgreich!
2022-08-24 13:02:15.606 [main] INFO  de.msgdavid.CalculatorDemo - Test 'Div' erfolgreich!
2022-08-24 13:02:15.607 [main] INFO  de.msgdavid.CalculatorDemo - Test 'Mod' erfolgreich!
2022-08-24 13:02:15.607 [main] INFO  de.msgdavid.CalculatorDemo - Test 'Pow' erfolgreich!
2022-08-24 13:02:15.607 [main] INFO  de.msgdavid.CalculatorDemo - Test 'Sub' erfolgreich!
2022-08-24 13:02:15.608 [main] INFO  de.msgdavid.CalculatorDemo - Test 'Multi' erfolgreich!
2022-08-24 13:02:15.608 [main] INFO  de.msgdavid.CalculatorDemo - Test 'Sqrt' erfolgreich!
2022-08-24 13:18:52.340 [main] INFO  de.msgdavid.CalculatorDemo - 2.0
2022-08-24 13:19:04.471 [main] INFO  de.msgdavid.CalculatorDemo - Test 'Add' erfolgreich!
2022-08-24 13:19:04.474 [main] INFO  de.msgdavid.CalculatorDemo - Test 'Div' erfolgreich!
2022-08-24 13:19:04.474 [main] INFO  de.msgdavid.CalculatorDemo - Test 'Mod' erfolgreich!
2022-08-24 13:19:04.475 [main] INFO  de.msgdavid.CalculatorDemo - Test 'Pow' erfolgreich!
2022-08-24 13:19:04.475 [main] INFO  de.msgdavid.CalculatorDemo - Test 'Sub' erfolgreich!
2022-08-24 13:19:04.475 [main] INFO  de.msgdavid.CalculatorDemo - Test 'Multi' erfolgreich!
2022-08-24 13:19:04.476 [main] INFO  de.msgdavid.CalculatorDemo - Test 'Sqrt' erfolgreich!
2022-08-24 13:19:44.070 [main] INFO  de.msgdavid.CalculatorDemo - Test 'Add' erfolgreich!
2022-08-24 13:19:44.073 [main] INFO  de.msgdavid.CalculatorDemo - Test 'Div' erfolgreich!
2022-08-24 13:19:44.073 [main] INFO  de.msgdavid.CalculatorDemo - Test 'Mod' erfolgreich!
2022-08-24 13:19:44.074 [main] INFO  de.msgdavid.CalculatorDemo - Test 'Pow' erfolgreich!
2022-08-24 13:19:44.074 [main] INFO  de.msgdavid.CalculatorDemo - Test 'Sub' erfolgreich!
2022-08-24 13:19:44.075 [main] INFO  de.msgdavid.CalculatorDemo - Test 'Multi' erfolgreich!
2022-08-24 13:19:44.075 [main] INFO  de.msgdavid.CalculatorDemo - Test 'Sqrt' erfolgreich!
2022-08-24 13:56:08.239 [main] INFO  de.msgdavid.CalculatorDemo - 7.0
2022-08-24 13:56:37.134 [main] INFO  de.msgdavid.CalculatorDemo - 49.0
2022-08-24 13:57:38.185 [main] INFO  de.msgdavid.CalculatorDemo - 343.0
2022-08-24 13:58:12.989 [main] INFO  de.msgdavid.CalculatorDemo - 2401.0
2022-08-24 14:30:57.001 [main] INFO  de.msgdavid.CalculatorDemo - 20.0
2022-08-24 14:35:09.581 [main] INFO  de.msgdavid.CalculatorDemo - 20.0
2022-08-24 14:35:56.279 [main] INFO  de.msgdavid.CalculatorDemo - 10.0
2022-08-24 14:36:06.811 [main] INFO  de.msgdavid.CalculatorDemo - 30.0
2022-08-24 14:36:20.336 [main] INFO  de.msgdavid.CalculatorDemo - 25.0
2022-08-24 14:36:36.394 [main] INFO  de.msgdavid.CalculatorDemo - 20.0
2022-08-24 14:36:49.652 [main] INFO  de.msgdavid.CalculatorDemo - 7.0
2022-08-24 14:39:42.997 [main] INFO  de.msgdavid.CalculatorDemo - 1.4142135623730951
2022-08-24 14:40:22.637 [main] INFO  de.msgdavid.CalculatorDemo - 3.38385702007491E253
2022-08-24 14:41:44.519 [main] INFO  de.msgdavid.CalculatorDemo - -1.0
2022-08-24 14:51:26.051 [main] INFO  de.msgdavid.CalculatorDemo - 100.0
2022-08-24 14:54:09.032 [main] INFO  de.msgdavid.CalculatorDemo - Test 'Add' erfolgreich!
2022-08-24 14:54:09.036 [main] INFO  de.msgdavid.CalculatorDemo - Test 'Div' erfolgreich!
2022-08-24 14:54:09.037 [main] INFO  de.msgdavid.CalculatorDemo - Test 'Mod' erfolgreich!
2022-08-24 14:54:09.038 [main] INFO  de.msgdavid.CalculatorDemo - Test 'Pow' erfolgreich!
2022-08-24 14:54:09.039 [main] INFO  de.msgdavid.CalculatorDemo - Test 'Sub' erfolgreich!
2022-08-24 14:54:09.040 [main] INFO  de.msgdavid.CalculatorDemo - Test 'Multi' erfolgreich!
2022-08-24 14:54:09.041 [main] INFO  de.msgdavid.CalculatorDemo - Test 'Sqrt' erfolgreich!
